===========================================================================
         ________    _________   _______       __     _________            
        |        |\ |        |\ |       \\    |  |\  /         \\          
        |    ____|| |    ____|| |    __  ||   |__|| |    ___    ||         
        |   |\___\| |   |\___\| |   |\_| ||    \_\| |   //  \   ||         
        |   ||__    |   ||__    |   ||_| ||   |  |\ |  ||    |  ||         
        |       |\  |       |\  |         \\  |  || |  ||    |  ||         
        |    ___||  |    ___||  |    ___   || |  || |  ||    |  ||         
        |   |\__\|  |   |\__\|  |   |\__|  || |  || |  ||    |  ||         
        |   ||      |   ||___   |   ||__|  || |  || |   \\__/   ||         
        |   ||      |        |\ |          || |  || |           ||         
        |___||      |________|| |_________//  |__||  \_________//          
                                                                           
      F I N I T E   E L E M E N T S   F O R   B I O M E C H A N I C S      
                                                                           
  version 4.1.0
  FEBio is a registered trademark.                                         
  copyright (c) 2006-2023 - All rights reserved                            
                                                                           
===========================================================================


----- Major Iteration: 0 -----

----- Iteration: 1 -----
fem.material('Material1').c3 = 0.1
               CURRENT        REQUIRED      DIFFERENCE
    1:               0               0               0
    2:    0.1249982411        0.708741        0.583743
    3:    0.2930085134         1.83895         1.54594
    4:    0.5320066157         3.66408         3.13207
    5:    0.8874603846         6.63433         5.74687
    6:     1.433872302         11.4914         10.0575
    7:      2.29375486         19.4579         17.1641
    8:      3.66879202         32.5489         28.8801
    9:     5.891378931         54.0869         48.1955
   10:     9.509351742          89.549         80.0396
   11:      15.4258015         147.965         132.539
objective value: 27571.2
regression coef: 0.999569

----- Iteration: 2 -----
fem.material('Material1').c3 = 0.1011
               CURRENT        REQUIRED      DIFFERENCE
    1:               0               0               0
    2:     0.125711705        0.708741        0.583029
    3:    0.2948979946         1.83895         1.54405
    4:    0.5358347092         3.66408         3.12825
    5:    0.8944843372         6.63433         5.73985
    6:     1.446164859         11.4914         10.0452
    7:     2.314733228         19.4579         17.1432
    8:     3.704089967         32.5489         28.8448
    9:     5.950284566         54.0869         48.1366
   10:     9.607177957          89.549         79.9418
   11:     15.58779405         147.965         132.377
objective value: 27503.8
regression coef: 0.999579

----- Iteration: 3 -----
fem.material('Material1').c3 = 0.9991
               CURRENT        REQUIRED      DIFFERENCE
    1:               0               0               0
    2:    0.7081578257        0.708741     0.000583174
    3:      1.83740204         1.83895      0.00154796
    4:     3.660951748         3.66408      0.00312825
    5:     6.628585168         6.63433      0.00574483
    6:     11.48136334         11.4914       0.0100367
    7:     19.44071375         19.4579       0.0171863
    8:       32.520057         32.5489        0.028843
    9:     54.03871419         54.0869       0.0481858
   10:     89.46896136          89.549       0.0800386
   11:     147.8326575         147.965        0.132342
objective value: 0.0275161
regression coef: 1

----- Iteration: 4 -----
fem.material('Material1').c3 = 1.0011
               CURRENT        REQUIRED      DIFFERENCE
    1:               0               0               0
    2:    0.7094544492        0.708741     0.000713449
    3:     1.840835914         1.83895      0.00188591
    4:     3.667908787         3.66408      0.00382879
    5:     6.641350246         6.63433      0.00702025
    6:     11.50370339         11.4914       0.0123034
    7:     19.47883908         19.4579       0.0209391
    8:     32.58420621         32.5489       0.0353062
    9:     54.14576716         54.0869       0.0588672
   10:     89.64674718          89.549       0.0977472
   11:     148.1270569         147.965        0.162057
objective value: 0.0411867
regression coef: 1

----- Major Iteration: 1 -----

----- Iteration: 5 -----
fem.material('Material1').c3 = 0.999999
               CURRENT        REQUIRED      DIFFERENCE
    1:               0               0               0
    2:     0.708740927        0.708741     7.30311e-08
    3:     1.838946279         1.83895     3.72127e-06
    4:      3.66408038         3.66408     3.80263e-07
    5:     6.634325719         6.63433     4.28081e-06
    6:     11.49140982         11.4914     9.82416e-06
    7:     19.45785899         19.4579      4.1007e-05
    8:     32.54890538         32.5489     5.38195e-06
    9:     54.08685671         54.0869     4.32934e-05
   10:     89.54891297          89.549      8.7027e-05
   11:     147.9650511         147.965     5.11311e-05
objective value: 1.39018e-08
regression coef: 1

----- Iteration: 6 -----
fem.material('Material1').c3 = 1.002
               CURRENT        REQUIRED      DIFFERENCE
    1:               0               0               0
    2:    0.7100381336        0.708741      0.00129713
    3:     1.842381698         1.83895       0.0034317
    4:     3.671040548         3.66408      0.00696055
    5:     6.647096537         6.63433       0.0127665
    6:     11.51375992         11.4914       0.0223599
    7:     19.49600146         19.4579       0.0381015
    8:     32.61308344         32.5489       0.0641834
    9:     54.19395782         54.0869        0.107058
   10:     89.72677875          89.549        0.177779
   11:     148.2595829         147.965        0.294583
objective value: 0.136142
regression coef: 1

----- Major Iteration: 2 -----

----- Iteration: 7 -----
fem.material('Material1').c3 = 0.999999
               CURRENT        REQUIRED      DIFFERENCE
    1:               0               0               0
    2:    0.7087409853        0.708741     1.47216e-08
    3:     1.838946433         1.83895     3.56685e-06
    4:     3.664080693         3.66408     6.93123e-07
    5:     6.634326293         6.63433     3.70676e-06
    6:     11.49141083         11.4914     1.08288e-05
    7:     19.45786071         19.4579     3.92925e-05
    8:     32.54890827         32.5489     8.26676e-06
    9:     54.08686152         54.0869     3.84792e-05
   10:     89.54892097          89.549     7.90319e-05
   11:     147.9650644         147.965     6.43703e-05
objective value: 1.36267e-08
regression coef: 1

----- Iteration: 8 -----
fem.material('Material1').c3 = 1.002
               CURRENT        REQUIRED      DIFFERENCE
    1:               0               0               0
    2:    0.7100381919        0.708741      0.00129719
    3:     1.842381852         1.83895      0.00343185
    4:     3.671040861         3.66408      0.00696086
    5:     6.647097112         6.63433       0.0127671
    6:     11.51376092         11.4914       0.0223609
    7:     19.49600318         19.4579       0.0381032
    8:     32.61308633         32.5489       0.0641863
    9:     54.19396264         54.0869        0.107063
   10:     89.72678675          89.549        0.177787
   11:     148.2595962         147.965        0.294596
objective value: 0.136154
regression coef: 1
objective value: 1.36267e-08 (diff = 2.75106e-10)


P A R A M E T E R   O P T I M I Z A T I O N   R E S U L T S

	Function values:

		              0
		       0.708741
		        1.83895
		        3.66408
		        6.63433
		        11.4914
		        19.4579
		        32.5489
		        54.0869
		        89.5489
		        147.965
	Total iterations ........ :               8

	Final objective value ... :     1.36267e-08

	Final regression coef ... :               1

	Optimal parameters:

		fem.material('Material1').c3 = 0.9999993101704298


 N O R M A L   T E R M I N A T I O N

