===========================================================================
         ________    _________   _______       __     _________            
        |        |\ |        |\ |       \\    |  |\  /         \\          
        |    ____|| |    ____|| |    __  ||   |__|| |    ___    ||         
        |   |\___\| |   |\___\| |   |\_| ||    \_\| |   //  \   ||         
        |   ||__    |   ||__    |   ||_| ||   |  |\ |  ||    |  ||         
        |       |\  |       |\  |         \\  |  || |  ||    |  ||         
        |    ___||  |    ___||  |    ___   || |  || |  ||    |  ||         
        |   |\__\|  |   |\__\|  |   |\__|  || |  || |  ||    |  ||         
        |   ||      |   ||___   |   ||__|  || |  || |   \\__/   ||         
        |   ||      |        |\ |          || |  || |           ||         
        |___||      |________|| |_________//  |__||  \_________//          
                                                                           
      F I N I T E   E L E M E N T S   F O R   B I O M E C H A N I C S      
                                                                           
  version 4.1.0
  FEBio is a registered trademark.                                         
  copyright (c) 2006-2023 - All rights reserved                            
                                                                           
===========================================================================


----- Major Iteration: 0 -----

----- Iteration: 1 -----
fem.material('Material1').c3 = 0.1
               CURRENT        REQUIRED      DIFFERENCE
    1:               0               0               0
    2:    0.1249982411       1.0631115        0.938113
    3:    0.2930085134        2.758425         2.46542
    4:    0.5320066157         5.49612         4.96411
    5:    0.8874603846        9.951495         9.06403
    6:     1.433872302         17.2371         15.8032
    7:      2.29375486        29.18685         26.8931
    8:      3.66879202        48.82335         45.1546
    9:     5.891378931        81.13035          75.239
   10:     9.509351742        134.3235         124.814
   11:      15.4258015        221.9475         206.522
objective value: 67016.4
regression coef: 0.999569

----- Iteration: 2 -----
fem.material('Material1').c3 = 0.1011
               CURRENT        REQUIRED      DIFFERENCE
    1:               0               0               0
    2:     0.125711705       1.0631115          0.9374
    3:    0.2948979946        2.758425         2.46353
    4:    0.5358347092         5.49612         4.96029
    5:    0.8944843372        9.951495         9.05701
    6:     1.446164859         17.2371         15.7909
    7:     2.314733228        29.18685         26.8721
    8:     3.704089967        48.82335         45.1193
    9:     5.950284566        81.13035         75.1801
   10:     9.607177957        134.3235         124.716
   11:     15.58779405        221.9475          206.36
objective value: 66911.3
regression coef: 0.999579

----- Iteration: 3 -----
fem.material('Material1').c3 = 1.50175
               CURRENT        REQUIRED      DIFFERENCE
    1:               0               0               0
    2:     1.034178151       1.0631115       0.0289333
    3:     2.700808375        2.758425       0.0576166
    4:     5.410215135         5.49612       0.0859049
    5:     9.838209806        9.951495        0.113285
    6:     17.09849865         17.2371        0.138601
    7:     29.02686695        29.18685        0.159983
    8:     48.64960206        48.82335        0.173748
    9:     80.95589144        81.13035        0.174459
   10:     134.1710612        134.3235        0.152439
   11:     221.8558365        221.9475       0.0916635
objective value: 0.161439
regression coef: 0.999999

----- Iteration: 4 -----
fem.material('Material1').c3 = 1.50425
               CURRENT        REQUIRED      DIFFERENCE
    1:               0               0               0
    2:     1.035800795       1.0631115       0.0273107
    3:     2.705105656        2.758425       0.0533193
    4:     5.418921437         5.49612       0.0771986
    5:     9.854184508        9.951495       0.0973105
    6:     17.12645584         17.2371        0.110644
    7:     29.07457843        29.18685        0.112272
    8:     48.72988082        48.82335       0.0934692
    9:     81.08986159        81.13035       0.0404884
   10:     134.3935491        134.3235       0.0700491
   11:     222.2242591        221.9475        0.276759
objective value: 0.135743
regression coef: 0.999999

----- Major Iteration: 1 -----

----- Iteration: 5 -----
fem.material('Material1').c3 = 1.50315
               CURRENT        REQUIRED      DIFFERENCE
    1:               0               0               0
    2:      1.03508724       1.0631115       0.0280243
    3:     2.703215934        2.758425       0.0552091
    4:     5.415092856         5.49612       0.0810271
    5:      9.84715966        9.951495        0.104335
    6:     17.11416171         17.2371        0.122938
    7:     29.05359738        29.18685        0.133253
    8:     48.69457838        48.82335        0.128772
    9:     81.03094845        81.13035       0.0994016
   10:     134.2957104        134.3235       0.0277896
   11:     222.0622459        221.9475        0.114746
objective value: 0.0945564
regression coef: 0.999999

----- Iteration: 6 -----
fem.material('Material1').c3 = 1.50565
               CURRENT        REQUIRED      DIFFERENCE
    1:               0               0               0
    2:     1.036710793       1.0631115       0.0264007
    3:     2.707515623        2.758425       0.0509094
    4:     5.423804036         5.49612        0.072316
    5:     9.863143312        9.951495       0.0883517
    6:     17.14213456         17.2371       0.0949654
    7:      29.1013356        29.18685       0.0855144
    8:     48.77490211        48.82335       0.0484479
    9:     81.16499365        81.13035       0.0346437
   10:      134.518323        134.3235        0.194823
   11:     222.4308749        221.9475        0.483375
objective value: 0.30781
regression coef: 0.999999

----- Major Iteration: 2 -----

----- Iteration: 7 -----
fem.material('Material1').c3 = 1.50315
               CURRENT        REQUIRED      DIFFERENCE
    1:               0               0               0
    2:     1.035087331       1.0631115       0.0280242
    3:     2.703216175        2.758425       0.0552088
    4:     5.415093344         5.49612       0.0810267
    5:     9.847160555        9.951495        0.104334
    6:     17.11416328         17.2371        0.122937
    7:     29.05360006        29.18685         0.13325
    8:     48.69458287        48.82335        0.128767
    9:     81.03095595        81.13035        0.099394
   10:     134.2957229        134.3235       0.0277771
   11:     222.0622665        221.9475        0.114766
objective value: 0.0945564
regression coef: 0.999999

----- Iteration: 8 -----
fem.material('Material1').c3 = 1.50565
               CURRENT        REQUIRED      DIFFERENCE
    1:               0               0               0
    2:     1.036710884       1.0631115       0.0264006
    3:     2.707515864        2.758425       0.0509091
    4:     5.423804524         5.49612       0.0723155
    5:     9.863144208        9.951495       0.0883508
    6:     17.14213613         17.2371       0.0949639
    7:     29.10133827        29.18685       0.0855117
    8:     48.77490661        48.82335       0.0484434
    9:     81.16500117        81.13035       0.0346512
   10:     134.5183354        134.3235        0.194835
   11:     222.4308955        221.9475        0.483396
objective value: 0.307834
regression coef: 0.999999
objective value: 0.0945564 (diff = 5.62345e-10)


P A R A M E T E R   O P T I M I Z A T I O N   R E S U L T S

	Function values:

		              0
		        1.03509
		        2.70322
		        5.41509
		        9.84716
		        17.1142
		        29.0536
		        48.6946
		         81.031
		        134.296
		        222.062
	Total iterations ........ :               8

	Final objective value ... :       0.0945564

	Final regression coef ... :        0.999999

	Optimal parameters:

		fem.material('Material1').c3 = 1.503151578800082


 N O R M A L   T E R M I N A T I O N

