===========================================================================
         ________    _________   _______       __     _________            
        |        |\ |        |\ |       \\    |  |\  /         \\          
        |    ____|| |    ____|| |    __  ||   |__|| |    ___    ||         
        |   |\___\| |   |\___\| |   |\_| ||    \_\| |   //  \   ||         
        |   ||__    |   ||__    |   ||_| ||   |  |\ |  ||    |  ||         
        |       |\  |       |\  |         \\  |  || |  ||    |  ||         
        |    ___||  |    ___||  |    ___   || |  || |  ||    |  ||         
        |   |\__\|  |   |\__\|  |   |\__|  || |  || |  ||    |  ||         
        |   ||      |   ||___   |   ||__|  || |  || |   \\__/   ||         
        |   ||      |        |\ |          || |  || |           ||         
        |___||      |________|| |_________//  |__||  \_________//          
                                                                           
      F I N I T E   E L E M E N T S   F O R   B I O M E C H A N I C S      
                                                                           
  version 4.1.0
  FEBio is a registered trademark.                                         
  copyright (c) 2006-2023 - All rights reserved                            
                                                                           
===========================================================================


----- Major Iteration: 0 -----

----- Iteration: 1 -----
fem.material('Material1').c3 = 0.1
               CURRENT        REQUIRED      DIFFERENCE
    1:               0               0               0
    2:    0.1249982411       0.3543705        0.229372
    3:    0.2930085134        0.919475        0.626466
    4:    0.5320066157         1.83204         1.30003
    5:    0.8874603846        3.317165          2.4297
    6:     1.433872302          5.7457         4.31183
    7:      2.29375486         9.72895          7.4352
    8:      3.66879202        16.27445         12.6057
    9:     5.891378931        27.04345         21.1521
   10:     9.509351742         44.7745         35.2651
   11:      15.4258015         73.9825         58.5567
objective value: 5360.74
regression coef: 0.999569

----- Iteration: 2 -----
fem.material('Material1').c3 = 0.1011
               CURRENT        REQUIRED      DIFFERENCE
    1:               0               0               0
    2:     0.125711705       0.3543705        0.228659
    3:    0.2948979946        0.919475        0.624577
    4:    0.5358347092         1.83204         1.29621
    5:    0.8944843372        3.317165         2.42268
    6:     1.446164859          5.7457         4.29954
    7:     2.314733228         9.72895         7.41422
    8:     3.704089967        16.27445         12.5704
    9:     5.950284566        27.04345         21.0932
   10:     9.607177957         44.7745         35.1673
   11:     15.58779405         73.9825         58.3947
objective value: 5331.07
regression coef: 0.999579

----- Iteration: 3 -----
fem.material('Material1').c3 = 0.496451
               CURRENT        REQUIRED      DIFFERENCE
    1:               0               0               0
    2:    0.3821375003       0.3543705        0.027767
    3:    0.9739957041        0.919475       0.0545207
    4:     1.911688361         1.83204       0.0796484
    5:     3.418960531        3.317165        0.101796
    6:     5.864228023          5.7457        0.118528
    7:     9.854560551         9.72895        0.125611
    8:     16.39051194        16.27445        0.116062
    9:     27.12153693        27.04345       0.0780869
   10:     44.76686157         44.7745      0.00763843
   11:     73.80947857         73.9825        0.173021
objective value: 0.0998393
regression coef: 0.999994

----- Iteration: 4 -----
fem.material('Material1').c3 = 0.497947
               CURRENT        REQUIRED      DIFFERENCE
    1:               0               0               0
    2:    0.3831081034       0.3543705       0.0287376
    3:    0.9765661724        0.919475       0.0570912
    4:     1.916896136         1.83204       0.0848561
    5:     3.428515984        3.317165        0.111351
    6:     5.880950935          5.7457        0.135251
    7:     9.883099725         9.72895         0.15415
    8:     16.43853161        16.27445        0.164082
    9:     27.20167272        27.04345        0.158223
   10:     44.89994529         44.7745        0.125445
   11:      74.0298548         73.9825       0.0473548
objective value: 0.135676
regression coef: 0.999994

----- Major Iteration: 1 -----

----- Iteration: 5 -----
fem.material('Material1').c3 = 0.496847
               CURRENT        REQUIRED      DIFFERENCE
    1:               0               0               0
    2:    0.3823946138       0.3543705       0.0280241
    3:    0.9746766232        0.919475       0.0552016
    4:     1.913067905         1.83204       0.0810279
    5:     3.421491778        3.317165        0.104327
    6:     5.868657936          5.7457        0.122958
    7:     9.862120601         9.72895        0.133171
    8:     16.40323239        16.27445        0.128782
    9:     27.14276497        27.04345        0.099315
   10:     44.80211555         44.7745       0.0276155
   11:     73.86785641         73.9825        0.114644
objective value: 0.0944894
regression coef: 0.999994

----- Iteration: 6 -----
fem.material('Material1').c3 = 0.498344
               CURRENT        REQUIRED      DIFFERENCE
    1:               0               0               0
    2:    0.3833654741       0.3543705        0.028995
    3:    0.9772477724        0.919475       0.0577728
    4:     1.918277059         1.83204       0.0862371
    5:     3.431049762        3.317165        0.113885
    6:     5.885385278          5.7457        0.139685
    7:     9.890667334         9.72895        0.161717
    8:     16.45126478        16.27445        0.176815
    9:     27.22292199        27.04345        0.179472
   10:     44.93523453         44.7745        0.160735
   11:     74.08829102         73.9825        0.105791
objective value: 0.17075
regression coef: 0.999994

----- Major Iteration: 2 -----

----- Iteration: 7 -----
fem.material('Material1').c3 = 0.496847
               CURRENT        REQUIRED      DIFFERENCE
    1:               0               0               0
    2:    0.3823946395       0.3543705       0.0280241
    3:    0.9746766913        0.919475       0.0552017
    4:     1.913068043         1.83204        0.081028
    5:     3.421492031        3.317165        0.104327
    6:     5.868658379          5.7457        0.122958
    7:     9.862121357         9.72895        0.133171
    8:     16.40323366        16.27445        0.128784
    9:     27.14276709        27.04345       0.0993171
   10:     44.80211907         44.7745       0.0276191
   11:     73.86786225         73.9825        0.114638
objective value: 0.0944894
regression coef: 0.999994

----- Iteration: 8 -----
fem.material('Material1').c3 = 0.498344
               CURRENT        REQUIRED      DIFFERENCE
    1:               0               0               0
    2:    0.3833654998       0.3543705        0.028995
    3:    0.9772478406        0.919475       0.0577728
    4:     1.918277197         1.83204       0.0862372
    5:     3.431050016        3.317165        0.113885
    6:     5.885385721          5.7457        0.139686
    7:     9.890668091         9.72895        0.161718
    8:     16.45126605        16.27445        0.176816
    9:     27.22292411        27.04345        0.179474
   10:     44.93523806         44.7745        0.160738
   11:     74.08829686         73.9825        0.105797
objective value: 0.170754
regression coef: 0.999994
objective value: 0.0944894 (diff = 4.49948e-11)


P A R A M E T E R   O P T I M I Z A T I O N   R E S U L T S

	Function values:

		              0
		       0.382395
		       0.974677
		        1.91307
		        3.42149
		        5.86866
		        9.86212
		        16.4032
		        27.1428
		        44.8021
		        73.8679
	Total iterations ........ :               8

	Final objective value ... :       0.0944894

	Final regression coef ... :        0.999994

	Optimal parameters:

		fem.material('Material1').c3 = 0.4968470415407779


 N O R M A L   T E R M I N A T I O N

