===========================================================================
         ________    _________   _______       __     _________            
        |        |\ |        |\ |       \\    |  |\  /         \\          
        |    ____|| |    ____|| |    __  ||   |__|| |    ___    ||         
        |   |\___\| |   |\___\| |   |\_| ||    \_\| |   //  \   ||         
        |   ||__    |   ||__    |   ||_| ||   |  |\ |  ||    |  ||         
        |       |\  |       |\  |         \\  |  || |  ||    |  ||         
        |    ___||  |    ___||  |    ___   || |  || |  ||    |  ||         
        |   |\__\|  |   |\__\|  |   |\__|  || |  || |  ||    |  ||         
        |   ||      |   ||___   |   ||__|  || |  || |   \\__/   ||         
        |   ||      |        |\ |          || |  || |           ||         
        |___||      |________|| |_________//  |__||  \_________//          
                                                                           
      F I N I T E   E L E M E N T S   F O R   B I O M E C H A N I C S      
                                                                           
  version 4.1.0
  FEBio is a registered trademark.                                         
  copyright (c) 2006-2023 - All rights reserved                            
                                                                           
===========================================================================





 FILES USED
===========================================================================
	Input file : _Part2_E(1.05)_Part2_v(1.15)_Part9_E(0.80)_Part9_v(1)_Part27_E(0.90)_Part27_v(1).feb
	Plot file  : _Part2_E(1.05)_Part2_v(1.15)_Part9_E(0.80)_Part9_v(1)_Part27_E(0.90)_Part27_v(1).xplt
	Log file   : _Part2_E(1.05)_Part2_v(1.15)_Part9_E(0.80)_Part9_v(1)_Part27_E(0.90)_Part27_v(1).log


 MESH INFO
===========================================================================
	Number of materials ............................ : 3
	Number of domains .............................. : 5
	Number of nodes ................................ : 65947
	Number of solid elements ....................... : 56384


 MODULE
===========================================================================
	Module type ....................................... : solid


 CONTROL DATA
===========================================================================
	analysis .......................................... : STATIC (0)
	time_steps ........................................ : 10
	step_size ......................................... : 0.01
	plot_zero_state ................................... : no (0)
	plot_range ........................................ : 0,-1
	plot_level ........................................ : PLOT_MAJOR_ITRS (1)
	output_level ...................................... : OUTPUT_MAJOR_ITRS (1)
	plot_stride ....................................... : 1
	adaptor_re_solve .................................. : yes (1)
	Auto time stepper activated ....................... : yes
	  max_retries ..................................... : 5
	  opt_iter ........................................ : 11
	  dtmin ........................................... : 0
	  dtmax ........................................... : 0.1
	  aggressiveness .................................. : 0
	  cutback ......................................... : 0.5
	  dtforce ......................................... : no (0)
 SOLVER PARAMETERS
===========================================================================
	symmetric_stiffness ............................... : symmetric (1)
	equation_scheme ................................... : staggered (0)
	equation_order .................................... : default (0)
	optimize_bw ....................................... : no (0)
	lstol ............................................. : 0.9
	lsmin ............................................. : 0.01
	lsiter ............................................ : 5
	max_refs .......................................... : 15
	check_zero_diagonal ............................... : no (0)
	zero_diagonal_tol ................................. : 0
	force_partition ................................... : 0
	reform_each_time_step ............................. : yes (1)
	reform_augment .................................... : no (0)
	diverge_reform .................................... : yes (1)
	min_residual ...................................... : 1e-20
	max_residual ...................................... : 0
	dtol .............................................. : 0.001
	etol .............................................. : 0.01
	rtol .............................................. : 0
	rhoi .............................................. : -2
	alpha ............................................. : 1
	beta .............................................. : 0.25
	gamma ............................................. : 0.5
	logSolve .......................................... : no (0)
	arc_length ........................................ : 0
	arc_length_scale .................................. : 0






 MATERIAL DATA
===========================================================================
  1 - Material2 (type: neo-Hookean)
	density ........................................... : 1
	E ................................................. : 0.42
	v ................................................. : 0.115
---------------------------------------------------------------------------
  2 - Material3 (type: neo-Hookean)
	density ........................................... : 1
	E ................................................. : 1.6
	v ................................................. : 0.1
---------------------------------------------------------------------------
  3 - Material4 (type: neo-Hookean)
	density ........................................... : 1
	E ................................................. : 9
	v ................................................. : 0.3


 BOUNDARY CONDITION DATA
===========================================================================
  1 -  Type: zero displacement
	x_dof ............................................. : yes (1)
	y_dof ............................................. : yes (1)
	z_dof ............................................. : yes (1)


 MODEL LOAD DATA
===========================================================================
  1 -  Type: pressure
	pressure .......................................... : 0.02
	symmetric_stiffness ............................... : yes (1)
	linear ............................................ : no (0)
	shell_bottom ...................................... : no (0)


 CONTACT INTERFACE DATA
===========================================================================
contact interface 1 - Type: tied-elastic
	laugon ............................................ : PENALTY (0)
	tolerance ......................................... : 0.1
	gaptol ............................................ : -1
	penalty ........................................... : 10
	auto_penalty ...................................... : no (0)
	update_penalty .................................... : no (0)
	two_pass .......................................... : no (0)
	knmult ............................................ : 1
	search_tol ........................................ : 0.01
	symmetric_stiffness ............................... : yes (1)
	search_radius ..................................... : 1
	minaug ............................................ : 0
	maxaug ............................................ : 10
---------------------------------------------------------------------------
contact interface 2 - Type: sliding-elastic
	laugon ............................................ : PENALTY (0)
	tolerance ......................................... : 0.1
	gaptol ............................................ : 0.1
	penalty ........................................... : 1
	auto_penalty ...................................... : no (0)
	update_penalty .................................... : no (0)
	two_pass .......................................... : no (0)
	knmult ............................................ : 0
	search_tol ........................................ : 0.01
	symmetric_stiffness ............................... : yes (1)
	search_radius ..................................... : 1
	seg_up ............................................ : 0
	tension ........................................... : no (0)
	minaug ............................................ : 0
	maxaug ............................................ : 10
	node_reloc ........................................ : no (0)
	fric_coeff ........................................ : 0
	smooth_aug ........................................ : no (0)
	flip_primary ...................................... : no (0)
	flip_secondary .................................... : no (0)
	shell_bottom_primary .............................. : no (0)
	shell_bottom_secondary ............................ : no (0)
	offset ............................................ : 0


 LOAD CONTROLLER DATA
===========================================================================
load controller   1 - LC1 (type: loadcurve)
	interpolate ....................................... : LINEAR (0)
	extend ............................................ : CONSTANT (0)
	points ............................................ : (can't display value)


 OUTPUT DATA
===========================================================================
	plotfile format ........................... : FEBIO
 LINEAR SOLVER DATA
===========================================================================
	Default linear solver ............................. : pardiso


 *************************************************************************
 * Selecting linear solver pardiso                                       *
 *************************************************************************

 *************************************************************************
 *                               WARNING                                 *
 * The sliding-elastic contact algorithm runs better with a              *
 * non-symmetric stiffness matrix.                                       *
 * You may set symmetric_stiffness flag to 0 in Control section.         *
 *************************************************************************

===== beginning time step 1 : 0.01 =====


Reforming stiffness matrix: reformation #1

===== reforming stiffness matrix:
	Nr of equations ........................... : 193989
	Nr of nonzeroes in stiffness matrix ....... : 7317357
 1
 Nonlinear solution status: time= 0.01
	stiffness updates             = 0
	right hand side evaluations   = 7
	stiffness matrix reformations = 1
	step from line search         = 0.022481
	convergence norms :     INITIAL         CURRENT         REQUIRED
	   residual            1.980782e-08    1.986430e-08    0.000000e+00 
	   energy              3.656756e-03    8.029956e-05    3.656756e-05 
	   displacement        4.975511e+04    2.514687e+01    2.514687e-05 
 2
 Nonlinear solution status: time= 0.01
	stiffness updates             = 1
	right hand side evaluations   = 11
	stiffness matrix reformations = 1
	step from line search         = 0.263824
	convergence norms :     INITIAL         CURRENT         REQUIRED
	   residual            1.980782e-08    2.387027e-06    0.000000e+00 
	   energy              3.656756e-03    4.109478e-04    3.656756e-05 
	   displacement        4.975511e+04    3.120832e+03    3.706259e-03 
 3
 Nonlinear solution status: time= 0.01
	stiffness updates             = 2
	right hand side evaluations   = 14
	stiffness matrix reformations = 1
	step from line search         = 0.267695
	convergence norms :     INITIAL         CURRENT         REQUIRED
	   residual            1.980782e-08    2.795850e-06    0.000000e+00 
	   energy              3.656756e-03    1.041123e-04    3.656756e-05 
	   displacement        4.975511e+04    2.889766e+02    6.062957e-03 
 4
 Nonlinear solution status: time= 0.01
	stiffness updates             = 3
	right hand side evaluations   = 20
	stiffness matrix reformations = 1
	step from line search         = 0.062145
	convergence norms :     INITIAL         CURRENT         REQUIRED
	   residual            1.980782e-08    2.481753e-06    0.000000e+00 
	   energy              3.656756e-03    1.591818e-05    3.656756e-05 
	   displacement        4.975511e+04    3.203140e+00    6.344134e-03 
 5
 Nonlinear solution status: time= 0.01
	stiffness updates             = 4
	right hand side evaluations   = 26
	stiffness matrix reformations = 1
	step from line search         = 0.038181
	convergence norms :     INITIAL         CURRENT         REQUIRED
	   residual            1.980782e-08    2.340433e-06    0.000000e+00 
	   energy              3.656756e-03    9.428541e-06    3.656756e-05 
	   displacement        4.975511e+04    1.502001e+00    6.539814e-03 
 6
 Nonlinear solution status: time= 0.01
	stiffness updates             = 5
	right hand side evaluations   = 32
	stiffness matrix reformations = 1
	step from line search         = 0.045062
	convergence norms :     INITIAL         CURRENT         REQUIRED
	   residual            1.980782e-08    2.117119e-06    0.000000e+00 
	   energy              3.656756e-03    1.073824e-05    3.656756e-05 
	   displacement        4.975511e+04    1.749261e+00    6.754174e-03 
 7
 Nonlinear solution status: time= 0.01
	stiffness updates             = 6
	right hand side evaluations   = 38
	stiffness matrix reformations = 1
	step from line search         = 0.040050
	convergence norms :     INITIAL         CURRENT         REQUIRED
	   residual            1.980782e-08    1.972078e-06    0.000000e+00 
	   energy              3.656756e-03    9.010775e-06    3.656756e-05 
	   displacement        4.975511e+04    1.544198e+00    6.957487e-03 
 8
 Nonlinear solution status: time= 0.01
	stiffness updates             = 7
	right hand side evaluations   = 44
	stiffness matrix reformations = 1
	step from line search         = 0.051045
	convergence norms :     INITIAL         CURRENT         REQUIRED
	   residual            1.980782e-08    1.746986e-06    0.000000e+00 
	   energy              3.656756e-03    1.102168e-05    3.656756e-05 
	   displacement        4.975511e+04    2.366481e+00    7.214005e-03 
 9
 Nonlinear solution status: time= 0.01
	stiffness updates             = 8
	right hand side evaluations   = 50
	stiffness matrix reformations = 1
	step from line search         = 0.042474
	convergence norms :     INITIAL         CURRENT         REQUIRED
	   residual            1.980782e-08    1.592411e-06    0.000000e+00 
	   energy              3.656756e-03    8.970486e-06    3.656756e-05 
	   displacement        4.975511e+04    1.745364e+00    7.435319e-03 
 10
 Nonlinear solution status: time= 0.01
	stiffness updates             = 9
	right hand side evaluations   = 56
	stiffness matrix reformations = 1
	step from line search         = 0.030633
	convergence norms :     INITIAL         CURRENT         REQUIRED
	   residual            1.980782e-08    1.488351e-06    0.000000e+00 
	   energy              3.656756e-03    5.909297e-06    3.656756e-05 
	   displacement        4.975511e+04    8.499380e-01    7.593746e-03 

 *************************************************************************
 *                               WARNING                                 *
 * Max nr of iterations reached.                                         *
 * Stiffness matrix will now be reformed.                                *
 *************************************************************************
Reforming stiffness matrix: reformation #2

===== reforming stiffness matrix:
	Nr of equations ........................... : 193989
	Nr of nonzeroes in stiffness matrix ....... : 7317357
 11
 Nonlinear solution status: time= 0.01
	stiffness updates             = 0
	right hand side evaluations   = 62
	stiffness matrix reformations = 2
	step from line search         = 0.066500
	convergence norms :     INITIAL         CURRENT         REQUIRED
	   residual            1.980782e-08    1.300078e-06    0.000000e+00 
	   energy              3.656756e-03    1.040441e-05    3.656756e-05 
	   displacement        4.975511e+04    2.832094e+00    7.886817e-03 
 12
 Nonlinear solution status: time= 0.01
	stiffness updates             = 1
	right hand side evaluations   = 68
	stiffness matrix reformations = 2
	step from line search         = 0.035902
	convergence norms :     INITIAL         CURRENT         REQUIRED
	   residual            1.980782e-08    1.211174e-06    0.000000e+00 
	   energy              3.656756e-03    4.920059e-06    3.656756e-05 
	   displacement        4.975511e+04    7.274696e-01    8.037530e-03 
 13
 Nonlinear solution status: time= 0.01
	stiffness updates             = 2
	right hand side evaluations   = 70
	stiffness matrix reformations = 2
	step from line search         = 0.075438
	convergence norms :     INITIAL         CURRENT         REQUIRED
	   residual            1.980782e-08    1.347504e-06    0.000000e+00 
	   energy              3.656756e-03    8.561500e-07    3.656756e-05 
	   displacement        4.975511e+04    5.790554e-01    8.173211e-03 
 14
 Nonlinear solution status: time= 0.01
	stiffness updates             = 3
	right hand side evaluations   = 72
	stiffness matrix reformations = 2
	step from line search         = 0.387207
	convergence norms :     INITIAL         CURRENT         REQUIRED
	   residual            1.980782e-08    2.437615e-07    0.000000e+00 
	   energy              3.656756e-03    2.102457e-05    3.656756e-05 
	   displacement        4.975511e+04    6.518810e+00    8.550384e-03 
 15
 Nonlinear solution status: time= 0.01
	stiffness updates             = 4
	right hand side evaluations   = 73
	stiffness matrix reformations = 2
	step from line search         = 1.000000
	convergence norms :     INITIAL         CURRENT         REQUIRED
	   residual            1.980782e-08    3.027952e-08    0.000000e+00 
	   energy              3.656756e-03    1.478917e-06    3.656756e-05 
	   displacement        4.975511e+04    1.163523e+00    8.375193e-03 
 16
 Nonlinear solution status: time= 0.01
	stiffness updates             = 5
	right hand side evaluations   = 74
	stiffness matrix reformations = 2
	step from line search         = 1.000000
	convergence norms :     INITIAL         CURRENT         REQUIRED
	   residual            1.980782e-08    8.413535e-09    0.000000e+00 
	   energy              3.656756e-03    6.169451e-08    3.656756e-05 
	   displacement        4.975511e+04    1.075685e-01    8.420281e-03 
 17
 Nonlinear solution status: time= 0.01
	stiffness updates             = 6
	right hand side evaluations   = 75
	stiffness matrix reformations = 2
	step from line search         = 1.000000
	convergence norms :     INITIAL         CURRENT         REQUIRED
	   residual            1.980782e-08    1.288671e-08    0.000000e+00 
	   energy              3.656756e-03    2.863290e-07    3.656756e-05 
	   displacement        4.975511e+04    5.389512e-02    8.460144e-03 
 18
 Nonlinear solution status: time= 0.01
	stiffness updates             = 7
	right hand side evaluations   = 76
	stiffness matrix reformations = 2
	step from line search         = 1.000000
	convergence norms :     INITIAL         CURRENT         REQUIRED
	   residual            1.980782e-08    4.668704e-09    0.000000e+00 
	   energy              3.656756e-03    1.989287e-07    3.656756e-05 
	   displacement        4.975511e+04    2.313198e-02    8.453483e-03 
 19
 Nonlinear solution status: time= 0.01
	stiffness updates             = 8
	right hand side evaluations   = 77
	stiffness matrix reformations = 2
	step from line search         = 1.000000
	convergence norms :     INITIAL         CURRENT         REQUIRED
	   residual            1.980782e-08    6.144201e-10    0.000000e+00 
	   energy              3.656756e-03    1.538307e-08    3.656756e-05 
	   displacement        4.975511e+04    1.203098e-02    8.445105e-03 
 20
 Nonlinear solution status: time= 0.01
	stiffness updates             = 9
	right hand side evaluations   = 79
	stiffness matrix reformations = 2
	step from line search         = 0.607235
	convergence norms :     INITIAL         CURRENT         REQUIRED
	   residual            1.980782e-08    1.608788e-10    0.000000e+00 
	   energy              3.656756e-03    3.231349e-09    3.656756e-05 
	   displacement        4.975511e+04    1.038745e-03    8.449478e-03 

convergence summary
    number of iterations   : 20
    number of reformations : 2

------- converged at time : 0.01


AUTO STEPPER: decreasing time step, dt = 0.0074162


===== beginning time step 2 : 0.0174162 =====


Reforming stiffness matrix: reformation #1

===== reforming stiffness matrix:
	Nr of equations ........................... : 193989
	Nr of nonzeroes in stiffness matrix ....... : 7322613
 1
 Nonlinear solution status: time= 0.0174162
	stiffness updates             = 0
	right hand side evaluations   = 3
	stiffness matrix reformations = 1
	step from line search         = 0.494059
	convergence norms :     INITIAL         CURRENT         REQUIRED
	   residual            1.164758e-08    4.949277e-07    0.000000e+00 
	   energy              1.620538e-04    2.391611e-05    1.620538e-06 
	   displacement        6.859022e+01    1.674251e+01    1.674251e-05 
 2
 Nonlinear solution status: time= 0.0174162
	stiffness updates             = 1
	right hand side evaluations   = 5
	stiffness matrix reformations = 1
	step from line search         = 0.458472
	convergence norms :     INITIAL         CURRENT         REQUIRED
	   residual            1.164758e-08    3.717359e-07    0.000000e+00 
	   energy              1.620538e-04    3.493237e-05    1.620538e-06 
	   displacement        6.859022e+01    2.140884e+01    6.883115e-05 
 3
 Nonlinear solution status: time= 0.0174162
	stiffness updates             = 2
	right hand side evaluations   = 6
	stiffness matrix reformations = 1
	step from line search         = 1.000000
	convergence norms :     INITIAL         CURRENT         REQUIRED
	   residual            1.164758e-08    2.312778e-07    0.000000e+00 
	   energy              1.620538e-04    8.710187e-06    1.620538e-06 
	   displacement        6.859022e+01    4.700848e+00    6.922097e-05 
 4
 Nonlinear solution status: time= 0.0174162
	stiffness updates             = 3
	right hand side evaluations   = 7
	stiffness matrix reformations = 1
	step from line search         = 1.000000
	convergence norms :     INITIAL         CURRENT         REQUIRED
	   residual            1.164758e-08    7.552414e-08    0.000000e+00 
	   energy              1.620538e-04    3.400109e-07    1.620538e-06 
	   displacement        6.859022e+01    3.742925e+00    4.484475e-05 
 5
 Nonlinear solution status: time= 0.0174162
	stiffness updates             = 4
	right hand side evaluations   = 8
	stiffness matrix reformations = 1
	step from line search         = 1.000000
	convergence norms :     INITIAL         CURRENT         REQUIRED
	   residual            1.164758e-08    2.245087e-07    0.000000e+00 
	   energy              1.620538e-04    4.134244e-06    1.620538e-06 
	   displacement        6.859022e+01    9.763019e-01    4.781155e-05 
 6
 Nonlinear solution status: time= 0.0174162
	stiffness updates             = 5
	right hand side evaluations   = 11
	stiffness matrix reformations = 1
	step from line search         = 0.166211
	convergence norms :     INITIAL         CURRENT         REQUIRED
	   residual            1.164758e-08    1.928243e-07    0.000000e+00 
	   energy              1.620538e-04    1.100035e-06    1.620538e-06 
	   displacement        6.859022e+01    1.470012e-01    5.040198e-05 
 7
 Nonlinear solution status: time= 0.0174162
	stiffness updates             = 6
	right hand side evaluations   = 13
	stiffness matrix reformations = 1
	step from line search         = 0.525663
	convergence norms :     INITIAL         CURRENT         REQUIRED
	   residual            1.164758e-08    1.738620e-07    0.000000e+00 
	   energy              1.620538e-04    4.381810e-06    1.620538e-06 
	   displacement        6.859022e+01    8.163179e-01    6.077204e-05 
 8
 Nonlinear solution status: time= 0.0174162
	stiffness updates             = 7
	right hand side evaluations   = 14
	stiffness matrix reformations = 1
	step from line search         = 1.000000
	convergence norms :     INITIAL         CURRENT         REQUIRED
	   residual            1.164758e-08    1.184875e-07    0.000000e+00 
	   energy              1.620538e-04    4.129149e-06    1.620538e-06 
	   displacement        6.859022e+01    3.672894e-01    5.962127e-05 
 9
 Nonlinear solution status: time= 0.0174162
	stiffness updates             = 8
	right hand side evaluations   = 15
	stiffness matrix reformations = 1
	step from line search         = 1.000000
	convergence norms :     INITIAL         CURRENT         REQUIRED
	   residual            1.164758e-08    4.218776e-08    0.000000e+00 
	   energy              1.620538e-04    5.103392e-07    1.620538e-06 
	   displacement        6.859022e+01    2.739179e-01    5.414334e-05 
 10
 Nonlinear solution status: time= 0.0174162
	stiffness updates             = 9
	right hand side evaluations   = 17
	stiffness matrix reformations = 1
	step from line search         = 0.384435
	convergence norms :     INITIAL         CURRENT         REQUIRED
	   residual            1.164758e-08    1.449387e-08    0.000000e+00 
	   energy              1.620538e-04    2.807003e-07    1.620538e-06 
	   displacement        6.859022e+01    7.437616e-02    5.346233e-05 

 *************************************************************************
 *                               WARNING                                 *
 * Max nr of iterations reached.                                         *
 * Stiffness matrix will now be reformed.                                *
 *************************************************************************
Reforming stiffness matrix: reformation #2

===== reforming stiffness matrix:
	Nr of equations ........................... : 193989
	Nr of nonzeroes in stiffness matrix ....... : 7331865
 11
 Nonlinear solution status: time= 0.0174162
	stiffness updates             = 0
	right hand side evaluations   = 18
	stiffness matrix reformations = 2
	step from line search         = 1.000000
	convergence norms :     INITIAL         CURRENT         REQUIRED
	   residual            1.164758e-08    3.207075e-09    0.000000e+00 
	   energy              1.620538e-04    1.404506e-07    1.620538e-06 
	   displacement        6.859022e+01    6.258669e-02    5.665867e-05 
 12
 Nonlinear solution status: time= 0.0174162
	stiffness updates             = 1
	right hand side evaluations   = 19
	stiffness matrix reformations = 2
	step from line search         = 1.000000
	convergence norms :     INITIAL         CURRENT         REQUIRED
	   residual            1.164758e-08    1.380795e-09    0.000000e+00 
	   energy              1.620538e-04    6.467389e-08    1.620538e-06 
	   displacement        6.859022e+01    7.039379e-03    5.670774e-05 
 13
 Nonlinear solution status: time= 0.0174162
	stiffness updates             = 2
	right hand side evaluations   = 20
	stiffness matrix reformations = 2
	step from line search         = 1.000000
	convergence norms :     INITIAL         CURRENT         REQUIRED
	   residual            1.164758e-08    1.057567e-10    0.000000e+00 
	   energy              1.620538e-04    5.067817e-09    1.620538e-06 
	   displacement        6.859022e+01    1.738735e-03    5.635443e-05 
 14
 Nonlinear solution status: time= 0.0174162
	stiffness updates             = 3
	right hand side evaluations   = 21
	stiffness matrix reformations = 2
	step from line search         = 1.000000
	convergence norms :     INITIAL         CURRENT         REQUIRED
	   residual            1.164758e-08    6.284738e-11    0.000000e+00 
	   energy              1.620538e-04    2.608020e-09    1.620538e-06 
	   displacement        6.859022e+01    5.289070e-04    5.645584e-05 
 15
 Nonlinear solution status: time= 0.0174162
	stiffness updates             = 4
	right hand side evaluations   = 22
	stiffness matrix reformations = 2
	step from line search         = 1.000000
	convergence norms :     INITIAL         CURRENT         REQUIRED
	   residual            1.164758e-08    4.317607e-12    0.000000e+00 
	   energy              1.620538e-04    2.115235e-10    1.620538e-06 
	   displacement        6.859022e+01    2.531416e-05    5.645793e-05 

convergence summary
    number of iterations   : 15
    number of reformations : 2

------- converged at time : 0.0174162


AUTO STEPPER: decreasing time step, dt = 0.00635085


===== beginning time step 3 : 0.0237671 =====


Reforming stiffness matrix: reformation #1

===== reforming stiffness matrix:
	Nr of equations ........................... : 193989
	Nr of nonzeroes in stiffness matrix ....... : 7334097
 1
 Nonlinear solution status: time= 0.0237671
	stiffness updates             = 0
	right hand side evaluations   = 2
	stiffness matrix reformations = 1
	step from line search         = 1.000000
	convergence norms :     INITIAL         CURRENT         REQUIRED
	   residual            8.174631e-09    9.027348e-07    0.000000e+00 
	   energy              9.976612e-05    3.258470e-05    9.976612e-07 
	   displacement        3.554254e+01    3.554254e+01    3.554254e-05 
 2
 Nonlinear solution status: time= 0.0237671
	stiffness updates             = 1
	right hand side evaluations   = 4
	stiffness matrix reformations = 1
	step from line search         = 0.621386
	convergence norms :     INITIAL         CURRENT         REQUIRED
	   residual            8.174631e-09    1.874510e-07    0.000000e+00 
	   energy              9.976612e-05    2.358239e-05    9.976612e-07 
	   displacement        3.554254e+01    4.494677e+00    5.448235e-05 
 3
 Nonlinear solution status: time= 0.0237671
	stiffness updates             = 2
	right hand side evaluations   = 5
	stiffness matrix reformations = 1
	step from line search         = 1.000000
	convergence norms :     INITIAL         CURRENT         REQUIRED
	   residual            8.174631e-09    6.816521e-08    0.000000e+00 
	   energy              9.976612e-05    1.792348e-06    9.976612e-07 
	   displacement        3.554254e+01    3.930431e+00    2.948301e-05 
 4
 Nonlinear solution status: time= 0.0237671
	stiffness updates             = 3
	right hand side evaluations   = 6
	stiffness matrix reformations = 1
	step from line search         = 1.000000
	convergence norms :     INITIAL         CURRENT         REQUIRED
	   residual            8.174631e-09    1.364130e-08    0.000000e+00 
	   energy              9.976612e-05    1.238705e-06    9.976612e-07 
	   displacement        3.554254e+01    1.641617e-01    2.865798e-05 
 5
 Nonlinear solution status: time= 0.0237671
	stiffness updates             = 4
	right hand side evaluations   = 8
	stiffness matrix reformations = 1
	step from line search         = 0.434596
	convergence norms :     INITIAL         CURRENT         REQUIRED
	   residual            8.174631e-09    7.180332e-09    0.000000e+00 
	   energy              9.976612e-05    4.912542e-08    9.976612e-07 
	   displacement        3.554254e+01    5.716618e-02    3.012989e-05 
 6
 Nonlinear solution status: time= 0.0237671
	stiffness updates             = 5
	right hand side evaluations   = 10
	stiffness matrix reformations = 1
	step from line search         = 0.635697
	convergence norms :     INITIAL         CURRENT         REQUIRED
	   residual            8.174631e-09    3.719576e-09    0.000000e+00 
	   energy              9.976612e-05    3.380776e-08    9.976612e-07 
	   displacement        3.554254e+01    2.562179e-02    3.181203e-05 
 7
 Nonlinear solution status: time= 0.0237671
	stiffness updates             = 6
	right hand side evaluations   = 12
	stiffness matrix reformations = 1
	step from line search         = 0.477622
	convergence norms :     INITIAL         CURRENT         REQUIRED
	   residual            8.174631e-09    1.551057e-09    0.000000e+00 
	   energy              9.976612e-05    5.965708e-08    9.976612e-07 
	   displacement        3.554254e+01    9.484459e-03    3.270685e-05 
 8
 Nonlinear solution status: time= 0.0237671
	stiffness updates             = 7
	right hand side evaluations   = 13
	stiffness matrix reformations = 1
	step from line search         = 1.000000
	convergence norms :     INITIAL         CURRENT         REQUIRED
	   residual            8.174631e-09    4.317816e-10    0.000000e+00 
	   energy              9.976612e-05    1.241677e-08    9.976612e-07 
	   displacement        3.554254e+01    1.353590e-03    3.257496e-05 
 9
 Nonlinear solution status: time= 0.0237671
	stiffness updates             = 8
	right hand side evaluations   = 15
	stiffness matrix reformations = 1
	step from line search         = 0.606387
	convergence norms :     INITIAL         CURRENT         REQUIRED
	   residual            8.174631e-09    1.146160e-10    0.000000e+00 
	   energy              9.976612e-05    1.795591e-09    9.976612e-07 
	   displacement        3.554254e+01    2.408794e-04    3.248018e-05 
 10
 Nonlinear solution status: time= 0.0237671
	stiffness updates             = 9
	right hand side evaluations   = 17
	stiffness matrix reformations = 1
	step from line search         = 0.561138
	convergence norms :     INITIAL         CURRENT         REQUIRED
	   residual            8.174631e-09    4.653603e-11    0.000000e+00 
	   energy              9.976612e-05    6.480739e-10    9.976612e-07 
	   displacement        3.554254e+01    7.913328e-05    3.248737e-05 

 *************************************************************************
 *                               WARNING                                 *
 * Max nr of iterations reached.                                         *
 * Stiffness matrix will now be reformed.                                *
 *************************************************************************
Reforming stiffness matrix: reformation #2

===== reforming stiffness matrix:
	Nr of equations ........................... : 193989
	Nr of nonzeroes in stiffness matrix ....... : 7341819
 11
 Nonlinear solution status: time= 0.0237671
	stiffness updates             = 0
	right hand side evaluations   = 18
	stiffness matrix reformations = 2
	step from line search         = 1.000000
	convergence norms :     INITIAL         CURRENT         REQUIRED
	   residual            8.174631e-09    1.949755e-13    0.000000e+00 
	   energy              9.976612e-05    9.978052e-12    9.976612e-07 
	   displacement        3.554254e+01    2.179665e-05    3.251571e-05 

convergence summary
    number of iterations   : 11
    number of reformations : 2

------- converged at time : 0.0237671


===== beginning time step 4 : 0.0301179 =====


Reforming stiffness matrix: reformation #1

===== reforming stiffness matrix:
	Nr of equations ........................... : 193989
	Nr of nonzeroes in stiffness matrix ....... : 7341837
 1
 Nonlinear solution status: time= 0.0301179
	stiffness updates             = 0
	right hand side evaluations   = 2
	stiffness matrix reformations = 1
	step from line search         = 1.000000
	convergence norms :     INITIAL         CURRENT         REQUIRED
	   residual            8.208908e-09    7.372835e-07    0.000000e+00 
	   energy              8.994494e-05    2.485445e-05    8.994494e-07 
	   displacement        3.007399e+01    3.007399e+01    3.007399e-05 
 2
 Nonlinear solution status: time= 0.0301179
	stiffness updates             = 1
	right hand side evaluations   = 4
	stiffness matrix reformations = 1
	step from line search         = 0.615712
	convergence norms :     INITIAL         CURRENT         REQUIRED
	   residual            8.208908e-09    1.709248e-07    0.000000e+00 
	   energy              8.994494e-05    1.955615e-05    8.994494e-07 
	   displacement        3.007399e+01    3.089471e+00    4.495338e-05 
 3
 Nonlinear solution status: time= 0.0301179
	stiffness updates             = 2
	right hand side evaluations   = 5
	stiffness matrix reformations = 1
	step from line search         = 1.000000
	convergence norms :     INITIAL         CURRENT         REQUIRED
	   residual            8.208908e-09    5.973527e-08    0.000000e+00 
	   energy              8.994494e-05    1.867120e-06    8.994494e-07 
	   displacement        3.007399e+01    2.755707e+00    2.572936e-05 
 4
 Nonlinear solution status: time= 0.0301179
	stiffness updates             = 3
	right hand side evaluations   = 6
	stiffness matrix reformations = 1
	step from line search         = 1.000000
	convergence norms :     INITIAL         CURRENT         REQUIRED
	   residual            8.208908e-09    6.637260e-09    0.000000e+00 
	   energy              8.994494e-05    3.877645e-07    8.994494e-07 
	   displacement        3.007399e+01    1.320880e-01    2.465185e-05 
 5
 Nonlinear solution status: time= 0.0301179
	stiffness updates             = 4
	right hand side evaluations   = 7
	stiffness matrix reformations = 1
	step from line search         = 1.000000
	convergence norms :     INITIAL         CURRENT         REQUIRED
	   residual            8.208908e-09    1.363670e-08    0.000000e+00 
	   energy              8.994494e-05    5.204010e-07    8.994494e-07 
	   displacement        3.007399e+01    8.789461e-02    2.707607e-05 
 6
 Nonlinear solution status: time= 0.0301179
	stiffness updates             = 5
	right hand side evaluations   = 8
	stiffness matrix reformations = 1
	step from line search         = 1.000000
	convergence norms :     INITIAL         CURRENT         REQUIRED
	   residual            8.208908e-09    4.615607e-09    0.000000e+00 
	   energy              8.994494e-05    1.878667e-07    8.994494e-07 
	   displacement        3.007399e+01    1.877512e-02    2.793370e-05 
 7
 Nonlinear solution status: time= 0.0301179
	stiffness updates             = 6
	right hand side evaluations   = 9
	stiffness matrix reformations = 1
	step from line search         = 1.000000
	convergence norms :     INITIAL         CURRENT         REQUIRED
	   residual            8.208908e-09    3.323106e-09    0.000000e+00 
	   energy              8.994494e-05    7.997751e-08    8.994494e-07 
	   displacement        3.007399e+01    4.653892e-03    2.764834e-05 
 8
 Nonlinear solution status: time= 0.0301179
	stiffness updates             = 7
	right hand side evaluations   = 10
	stiffness matrix reformations = 1
	step from line search         = 1.000000
	convergence norms :     INITIAL         CURRENT         REQUIRED
	   residual            8.208908e-09    2.575702e-09    0.000000e+00 
	   energy              8.994494e-05    7.511679e-08    8.994494e-07 
	   displacement        3.007399e+01    3.416734e-03    2.764531e-05 
 9
 Nonlinear solution status: time= 0.0301179
	stiffness updates             = 8
	right hand side evaluations   = 11
	stiffness matrix reformations = 1
	step from line search         = 1.000000
	convergence norms :     INITIAL         CURRENT         REQUIRED
	   residual            8.208908e-09    9.228695e-10    0.000000e+00 
	   energy              8.994494e-05    2.544500e-08    8.994494e-07 
	   displacement        3.007399e+01    1.509276e-03    2.772429e-05 
 10
 Nonlinear solution status: time= 0.0301179
	stiffness updates             = 9
	right hand side evaluations   = 13
	stiffness matrix reformations = 1
	step from line search         = 0.561008
	convergence norms :     INITIAL         CURRENT         REQUIRED
	   residual            8.208908e-09    4.159815e-10    0.000000e+00 
	   energy              8.994494e-05    6.353396e-09    8.994494e-07 
	   displacement        3.007399e+01    6.091297e-04    2.775591e-05 

 *************************************************************************
 *                               WARNING                                 *
 * Max nr of iterations reached.                                         *
 * Stiffness matrix will now be reformed.                                *
 *************************************************************************
Reforming stiffness matrix: reformation #2

===== reforming stiffness matrix:
	Nr of equations ........................... : 193989
	Nr of nonzeroes in stiffness matrix ....... : 7349307
 11
 Nonlinear solution status: time= 0.0301179
	stiffness updates             = 0
	right hand side evaluations   = 14
	stiffness matrix reformations = 2
	step from line search         = 1.000000
	convergence norms :     INITIAL         CURRENT         REQUIRED
	   residual            8.208908e-09    2.187865e-11    0.000000e+00 
	   energy              8.994494e-05    1.000765e-09    8.994494e-07 
	   displacement        3.007399e+01    1.130389e-04    2.773874e-05 
 12
 Nonlinear solution status: time= 0.0301179
	stiffness updates             = 1
	right hand side evaluations   = 15
	stiffness matrix reformations = 2
	step from line search         = 1.000000
	convergence norms :     INITIAL         CURRENT         REQUIRED
	   residual            8.208908e-09    6.753591e-12    0.000000e+00 
	   energy              8.994494e-05    2.717456e-10    8.994494e-07 
	   displacement        3.007399e+01    2.462130e-05    2.772826e-05 

convergence summary
    number of iterations   : 12
    number of reformations : 2

------- converged at time : 0.0301179


AUTO STEPPER: decreasing time step, dt = 0.00608048


===== beginning time step 5 : 0.0361984 =====


Reforming stiffness matrix: reformation #1

===== reforming stiffness matrix:
	Nr of equations ........................... : 193989
	Nr of nonzeroes in stiffness matrix ....... : 7349595
 1
 Nonlinear solution status: time= 0.0361984
	stiffness updates             = 0
	right hand side evaluations   = 2
	stiffness matrix reformations = 1
	step from line search         = 1.000000
	convergence norms :     INITIAL         CURRENT         REQUIRED
	   residual            7.565247e-09    1.357938e-07    0.000000e+00 
	   energy              7.472835e-05    6.488108e-06    7.472835e-07 
	   displacement        2.376997e+01    2.376997e+01    2.376997e-05 
 2
 Nonlinear solution status: time= 0.0361984
	stiffness updates             = 1
	right hand side evaluations   = 3
	stiffness matrix reformations = 1
	step from line search         = 1.000000
	convergence norms :     INITIAL         CURRENT         REQUIRED
	   residual            7.565247e-09    9.948192e-08    0.000000e+00 
	   energy              7.472835e-05    6.612046e-06    7.472835e-07 
	   displacement        2.376997e+01    5.692228e-01    2.648003e-05 
 3
 Nonlinear solution status: time= 0.0361984
	stiffness updates             = 2
	right hand side evaluations   = 4
	stiffness matrix reformations = 1
	step from line search         = 1.000000
	convergence norms :     INITIAL         CURRENT         REQUIRED
	   residual            7.565247e-09    2.744934e-08    0.000000e+00 
	   energy              7.472835e-05    1.447205e-06    7.472835e-07 
	   displacement        2.376997e+01    2.813839e-01    2.214464e-05 
 4
 Nonlinear solution status: time= 0.0361984
	stiffness updates             = 3
	right hand side evaluations   = 6
	stiffness matrix reformations = 1
	step from line search         = 0.501058
	convergence norms :     INITIAL         CURRENT         REQUIRED
	   residual            7.565247e-09    1.040211e-09    0.000000e+00 
	   energy              7.472835e-05    2.377585e-08    7.472835e-07 
	   displacement        2.376997e+01    2.672327e-02    2.210777e-05 
 5
 Nonlinear solution status: time= 0.0361984
	stiffness updates             = 4
	right hand side evaluations   = 8
	stiffness matrix reformations = 1
	step from line search         = 0.611172
	convergence norms :     INITIAL         CURRENT         REQUIRED
	   residual            7.565247e-09    5.109069e-10    0.000000e+00 
	   energy              7.472835e-05    7.035463e-09    7.472835e-07 
	   displacement        2.376997e+01    1.179234e-03    2.230040e-05 
 6
 Nonlinear solution status: time= 0.0361984
	stiffness updates             = 5
	right hand side evaluations   = 10
	stiffness matrix reformations = 1
	step from line search         = 0.610212
	convergence norms :     INITIAL         CURRENT         REQUIRED
	   residual            7.565247e-09    9.554970e-11    0.000000e+00 
	   energy              7.472835e-05    2.549406e-09    7.472835e-07 
	   displacement        2.376997e+01    4.693595e-04    2.248615e-05 
 7
 Nonlinear solution status: time= 0.0361984
	stiffness updates             = 6
	right hand side evaluations   = 11
	stiffness matrix reformations = 1
	step from line search         = 1.000000
	convergence norms :     INITIAL         CURRENT         REQUIRED
	   residual            7.565247e-09    9.750467e-11    0.000000e+00 
	   energy              7.472835e-05    2.557319e-09    7.472835e-07 
	   displacement        2.376997e+01    8.051340e-05    2.253560e-05 
 8
 Nonlinear solution status: time= 0.0361984
	stiffness updates             = 7
	right hand side evaluations   = 12
	stiffness matrix reformations = 1
	step from line search         = 1.000000
	convergence norms :     INITIAL         CURRENT         REQUIRED
	   residual            7.565247e-09    6.501847e-12    0.000000e+00 
	   energy              7.472835e-05    1.837307e-10    7.472835e-07 
	   displacement        2.376997e+01    1.864452e-05    2.251642e-05 

convergence summary
    number of iterations   : 8
    number of reformations : 1

------- converged at time : 0.0361984


AUTO STEPPER: increasing time step, dt = 0.0222914


===== beginning time step 6 : 0.0584897 =====


Reforming stiffness matrix: reformation #1

===== reforming stiffness matrix:
	Nr of equations ........................... : 193989
	Nr of nonzeroes in stiffness matrix ....... : 7354761
 1
 Nonlinear solution status: time= 0.0584897
	stiffness updates             = 0
	right hand side evaluations   = 2
	stiffness matrix reformations = 1
	step from line search         = 1.000000
	convergence norms :     INITIAL         CURRENT         REQUIRED
	   residual            1.019934e-07    1.973793e-05    0.000000e+00 
	   energy              9.380019e-04    6.415022e-04    9.380019e-06 
	   displacement        2.873893e+02    2.873893e+02    2.873893e-04 
 2
 Nonlinear solution status: time= 0.0584897
	stiffness updates             = 1
	right hand side evaluations   = 5
	stiffness matrix reformations = 1
	step from line search         = 0.339723
	convergence norms :     INITIAL         CURRENT         REQUIRED
	   residual            1.019934e-07    1.775985e-06    0.000000e+00 
	   energy              9.380019e-04    3.573834e-04    9.380019e-06 
	   displacement        2.873893e+02    6.696189e+01    5.872535e-04 
 3
 Nonlinear solution status: time= 0.0584897
	stiffness updates             = 2
	right hand side evaluations   = 6
	stiffness matrix reformations = 1
	step from line search         = 1.000000
	convergence norms :     INITIAL         CURRENT         REQUIRED
	   residual            1.019934e-07    8.960041e-07    0.000000e+00 
	   energy              9.380019e-04    6.442622e-05    9.380019e-06 
	   displacement        2.873893e+02    9.931915e+01    2.075583e-04 
 4
 Nonlinear solution status: time= 0.0584897
	stiffness updates             = 3
	right hand side evaluations   = 7
	stiffness matrix reformations = 1
	step from line search         = 1.000000
	convergence norms :     INITIAL         CURRENT         REQUIRED
	   residual            1.019934e-07    3.150414e-07    0.000000e+00 
	   energy              9.380019e-04    5.429367e-06    9.380019e-06 
	   displacement        2.873893e+02    1.928443e+00    2.231394e-04 
 5
 Nonlinear solution status: time= 0.0584897
	stiffness updates             = 4
	right hand side evaluations   = 8
	stiffness matrix reformations = 1
	step from line search         = 1.000000
	convergence norms :     INITIAL         CURRENT         REQUIRED
	   residual            1.019934e-07    2.076715e-07    0.000000e+00 
	   energy              9.380019e-04    2.645126e-06    9.380019e-06 
	   displacement        2.873893e+02    1.969278e+00    2.621702e-04 
 6
 Nonlinear solution status: time= 0.0584897
	stiffness updates             = 5
	right hand side evaluations   = 10
	stiffness matrix reformations = 1
	step from line search         = 0.439432
	convergence norms :     INITIAL         CURRENT         REQUIRED
	   residual            1.019934e-07    2.222468e-07    0.000000e+00 
	   energy              9.380019e-04    3.699110e-07    9.380019e-06 
	   displacement        2.873893e+02    2.343967e-01    2.687074e-04 
 7
 Nonlinear solution status: time= 0.0584897
	stiffness updates             = 6
	right hand side evaluations   = 12
	stiffness matrix reformations = 1
	step from line search         = 0.541318
	convergence norms :     INITIAL         CURRENT         REQUIRED
	   residual            1.019934e-07    9.342394e-08    0.000000e+00 
	   energy              9.380019e-04    8.357446e-08    9.380019e-06 
	   displacement        2.873893e+02    2.037770e-01    2.619470e-04 
 8
 Nonlinear solution status: time= 0.0584897
	stiffness updates             = 7
	right hand side evaluations   = 13
	stiffness matrix reformations = 1
	step from line search         = 1.000000
	convergence norms :     INITIAL         CURRENT         REQUIRED
	   residual            1.019934e-07    1.262085e-07    0.000000e+00 
	   energy              9.380019e-04    3.788172e-06    9.380019e-06 
	   displacement        2.873893e+02    4.073997e-01    2.430322e-04 
 9
 Nonlinear solution status: time= 0.0584897
	stiffness updates             = 8
	right hand side evaluations   = 14
	stiffness matrix reformations = 1
	step from line search         = 1.000000
	convergence norms :     INITIAL         CURRENT         REQUIRED
	   residual            1.019934e-07    5.487064e-08    0.000000e+00 
	   energy              9.380019e-04    1.079725e-06    9.380019e-06 
	   displacement        2.873893e+02    9.414250e-02    2.451941e-04 
 10
 Nonlinear solution status: time= 0.0584897
	stiffness updates             = 9
	right hand side evaluations   = 16
	stiffness matrix reformations = 1
	step from line search         = 0.439291
	convergence norms :     INITIAL         CURRENT         REQUIRED
	   residual            1.019934e-07    2.513510e-08    0.000000e+00 
	   energy              9.380019e-04    5.172112e-07    9.380019e-06 
	   displacement        2.873893e+02    3.537635e-02    2.482418e-04 

 *************************************************************************
 *                               WARNING                                 *
 * Max nr of iterations reached.                                         *
 * Stiffness matrix will now be reformed.                                *
 *************************************************************************
Reforming stiffness matrix: reformation #2

===== reforming stiffness matrix:
	Nr of equations ........................... : 193989
	Nr of nonzeroes in stiffness matrix ....... : 7367757
 11
 Nonlinear solution status: time= 0.0584897
	stiffness updates             = 0
	right hand side evaluations   = 17
	stiffness matrix reformations = 2
	step from line search         = 1.000000
	convergence norms :     INITIAL         CURRENT         REQUIRED
	   residual            1.019934e-07    1.366934e-10    0.000000e+00 
	   energy              9.380019e-04    1.016687e-08    9.380019e-06 
	   displacement        2.873893e+02    5.856574e-03    2.476615e-04 
 12
 Nonlinear solution status: time= 0.0584897
	stiffness updates             = 1
	right hand side evaluations   = 18
	stiffness matrix reformations = 2
	step from line search         = 1.000000
	convergence norms :     INITIAL         CURRENT         REQUIRED
	   residual            1.019934e-07    2.747792e-11    0.000000e+00 
	   energy              9.380019e-04    1.571546e-09    9.380019e-06 
	   displacement        2.873893e+02    1.051460e-02    2.479488e-04 
 13
 Nonlinear solution status: time= 0.0584897
	stiffness updates             = 2
	right hand side evaluations   = 19
	stiffness matrix reformations = 2
	step from line search         = 1.000000
	convergence norms :     INITIAL         CURRENT         REQUIRED
	   residual            1.019934e-07    3.322301e-13    0.000000e+00 
	   energy              9.380019e-04    6.443453e-11    9.380019e-06 
	   displacement        2.873893e+02    1.154010e-05    2.479542e-04 

convergence summary
    number of iterations   : 13
    number of reformations : 2

------- converged at time : 0.0584897


AUTO STEPPER: decreasing time step, dt = 0.0205051


===== beginning time step 7 : 0.0789948 =====


Reforming stiffness matrix: reformation #1

===== reforming stiffness matrix:
	Nr of equations ........................... : 193989
	Nr of nonzeroes in stiffness matrix ....... : 7367325
 1
 Nonlinear solution status: time= 0.0789948
	stiffness updates             = 0
	right hand side evaluations   = 2
	stiffness matrix reformations = 1
	step from line search         = 1.000000
	convergence norms :     INITIAL         CURRENT         REQUIRED
	   residual            8.748821e-08    5.978002e-06    0.000000e+00 
	   energy              6.664142e-04    2.096086e-04    6.664142e-06 
	   displacement        1.890479e+02    1.890479e+02    1.890479e-04 
 2
 Nonlinear solution status: time= 0.0789948
	stiffness updates             = 1
	right hand side evaluations   = 4
	stiffness matrix reformations = 1
	step from line search         = 0.601891
	convergence norms :     INITIAL         CURRENT         REQUIRED
	   residual            8.748821e-08    1.335170e-06    0.000000e+00 
	   energy              6.664142e-04    1.794748e-04    6.664142e-06 
	   displacement        1.890479e+02    2.509760e+01    3.110880e-04 
 3
 Nonlinear solution status: time= 0.0789948
	stiffness updates             = 2
	right hand side evaluations   = 5
	stiffness matrix reformations = 1
	step from line search         = 1.000000
	convergence norms :     INITIAL         CURRENT         REQUIRED
	   residual            8.748821e-08    6.816286e-07    0.000000e+00 
	   energy              6.664142e-04    5.094963e-06    6.664142e-06 
	   displacement        1.890479e+02    2.723974e+01    1.571960e-04 
 4
 Nonlinear solution status: time= 0.0789948
	stiffness updates             = 3
	right hand side evaluations   = 6
	stiffness matrix reformations = 1
	step from line search         = 1.000000
	convergence norms :     INITIAL         CURRENT         REQUIRED
	   residual            8.748821e-08    2.513690e-07    0.000000e+00 
	   energy              6.664142e-04    6.528984e-06    6.664142e-06 
	   displacement        1.890479e+02    2.603766e+00    1.413584e-04 
 5
 Nonlinear solution status: time= 0.0789948
	stiffness updates             = 4
	right hand side evaluations   = 8
	stiffness matrix reformations = 1
	step from line search         = 0.425375
	convergence norms :     INITIAL         CURRENT         REQUIRED
	   residual            8.748821e-08    8.299301e-08    0.000000e+00 
	   energy              6.664142e-04    3.276485e-06    6.664142e-06 
	   displacement        1.890479e+02    2.732310e-01    1.473163e-04 
 6
 Nonlinear solution status: time= 0.0789948
	stiffness updates             = 5
	right hand side evaluations   = 10
	stiffness matrix reformations = 1
	step from line search         = 0.459879
	convergence norms :     INITIAL         CURRENT         REQUIRED
	   residual            8.748821e-08    7.421306e-08    0.000000e+00 
	   energy              6.664142e-04    4.218258e-07    6.664142e-06 
	   displacement        1.890479e+02    1.887465e-01    1.565297e-04 
 7
 Nonlinear solution status: time= 0.0789948
	stiffness updates             = 6
	right hand side evaluations   = 12
	stiffness matrix reformations = 1
	step from line search         = 0.560784
	convergence norms :     INITIAL         CURRENT         REQUIRED
	   residual            8.748821e-08    3.842596e-08    0.000000e+00 
	   energy              6.664142e-04    6.523010e-07    6.664142e-06 
	   displacement        1.890479e+02    2.556561e-01    1.656154e-04 
 8
 Nonlinear solution status: time= 0.0789948
	stiffness updates             = 7
	right hand side evaluations   = 14
	stiffness matrix reformations = 1
	step from line search         = 0.572356
	convergence norms :     INITIAL         CURRENT         REQUIRED
	   residual            8.748821e-08    2.747761e-08    0.000000e+00 
	   energy              6.664142e-04    5.902303e-07    6.664142e-06 
	   displacement        1.890479e+02    3.966230e-02    1.688511e-04 
 9
 Nonlinear solution status: time= 0.0789948
	stiffness updates             = 8
	right hand side evaluations   = 15
	stiffness matrix reformations = 1
	step from line search         = 1.000000
	convergence norms :     INITIAL         CURRENT         REQUIRED
	   residual            8.748821e-08    2.065335e-09    0.000000e+00 
	   energy              6.664142e-04    4.573160e-08    6.664142e-06 
	   displacement        1.890479e+02    1.975247e-02    1.656328e-04 
 10
 Nonlinear solution status: time= 0.0789948
	stiffness updates             = 9
	right hand side evaluations   = 16
	stiffness matrix reformations = 1
	step from line search         = 1.000000
	convergence norms :     INITIAL         CURRENT         REQUIRED
	   residual            8.748821e-08    1.743902e-09    0.000000e+00 
	   energy              6.664142e-04    3.469014e-08    6.664142e-06 
	   displacement        1.890479e+02    2.251777e-03    1.650602e-04 

 *************************************************************************
 *                               WARNING                                 *
 * Max nr of iterations reached.                                         *
 * Stiffness matrix will now be reformed.                                *
 *************************************************************************
Reforming stiffness matrix: reformation #2

===== reforming stiffness matrix:
	Nr of equations ........................... : 193989
	Nr of nonzeroes in stiffness matrix ....... : 7374849
 11
 Nonlinear solution status: time= 0.0789948
	stiffness updates             = 0
	right hand side evaluations   = 17
	stiffness matrix reformations = 2
	step from line search         = 1.000000
	convergence norms :     INITIAL         CURRENT         REQUIRED
	   residual            8.748821e-08    1.265520e-10    0.000000e+00 
	   energy              6.664142e-04    6.299099e-09    6.664142e-06 
	   displacement        1.890479e+02    9.988973e-04    1.654831e-04 
 12
 Nonlinear solution status: time= 0.0789948
	stiffness updates             = 1
	right hand side evaluations   = 18
	stiffness matrix reformations = 2
	step from line search         = 1.000000
	convergence norms :     INITIAL         CURRENT         REQUIRED
	   residual            8.748821e-08    5.720187e-11    0.000000e+00 
	   energy              6.664142e-04    2.711848e-09    6.664142e-06 
	   displacement        1.890479e+02    4.946615e-05    1.655177e-04 

convergence summary
    number of iterations   : 12
    number of reformations : 2

------- converged at time : 0.0789948


AUTO STEPPER: decreasing time step, dt = 0.0196321


===== beginning time step 8 : 0.0986269 =====


Reforming stiffness matrix: reformation #1

===== reforming stiffness matrix:
	Nr of equations ........................... : 193989
	Nr of nonzeroes in stiffness matrix ....... : 7375137
 1
 Nonlinear solution status: time= 0.0986269
	stiffness updates             = 0
	right hand side evaluations   = 2
	stiffness matrix reformations = 1
	step from line search         = 1.000000
	convergence norms :     INITIAL         CURRENT         REQUIRED
	   residual            8.113414e-08    3.505299e-06    0.000000e+00 
	   energy              5.413174e-04    9.881504e-05    5.413174e-06 
	   displacement        1.474771e+02    1.474771e+02    1.474771e-04 
 2
 Nonlinear solution status: time= 0.0986269
	stiffness updates             = 1
	right hand side evaluations   = 4
	stiffness matrix reformations = 1
	step from line search         = 0.630239
	convergence norms :     INITIAL         CURRENT         REQUIRED
	   residual            8.113414e-08    1.010496e-06    0.000000e+00 
	   energy              5.413174e-04    6.471887e-05    5.413174e-06 
	   displacement        1.474771e+02    8.870363e+00    1.874151e-04 
 3
 Nonlinear solution status: time= 0.0986269
	stiffness updates             = 2
	right hand side evaluations   = 5
	stiffness matrix reformations = 1
	step from line search         = 1.000000
	convergence norms :     INITIAL         CURRENT         REQUIRED
	   residual            8.113414e-08    4.627833e-07    0.000000e+00 
	   energy              5.413174e-04    6.642598e-06    5.413174e-06 
	   displacement        1.474771e+02    6.629751e+00    1.254046e-04 
 4
 Nonlinear solution status: time= 0.0986269
	stiffness updates             = 3
	right hand side evaluations   = 6
	stiffness matrix reformations = 1
	step from line search         = 1.000000
	convergence norms :     INITIAL         CURRENT         REQUIRED
	   residual            8.113414e-08    2.124195e-07    0.000000e+00 
	   energy              5.413174e-04    1.092084e-05    5.413174e-06 
	   displacement        1.474771e+02    2.259493e+00    1.123284e-04 
 5
 Nonlinear solution status: time= 0.0986269
	stiffness updates             = 4
	right hand side evaluations   = 7
	stiffness matrix reformations = 1
	step from line search         = 1.000000
	convergence norms :     INITIAL         CURRENT         REQUIRED
	   residual            8.113414e-08    4.516650e-08    0.000000e+00 
	   energy              5.413174e-04    1.460186e-06    5.413174e-06 
	   displacement        1.474771e+02    6.099207e-01    1.248340e-04 
 6
 Nonlinear solution status: time= 0.0986269
	stiffness updates             = 5
	right hand side evaluations   = 8
	stiffness matrix reformations = 1
	step from line search         = 1.000000
	convergence norms :     INITIAL         CURRENT         REQUIRED
	   residual            8.113414e-08    3.771743e-08    0.000000e+00 
	   energy              5.413174e-04    9.237249e-07    5.413174e-06 
	   displacement        1.474771e+02    9.736749e-02    1.293329e-04 
 7
 Nonlinear solution status: time= 0.0986269
	stiffness updates             = 6
	right hand side evaluations   = 9
	stiffness matrix reformations = 1
	step from line search         = 1.000000
	convergence norms :     INITIAL         CURRENT         REQUIRED
	   residual            8.113414e-08    1.592397e-08    0.000000e+00 
	   energy              5.413174e-04    3.816062e-07    5.413174e-06 
	   displacement        1.474771e+02    1.298339e-02    1.276909e-04 
 8
 Nonlinear solution status: time= 0.0986269
	stiffness updates             = 7
	right hand side evaluations   = 11
	stiffness matrix reformations = 1
	step from line search         = 0.584498
	convergence norms :     INITIAL         CURRENT         REQUIRED
	   residual            8.113414e-08    4.316478e-09    0.000000e+00 
	   energy              5.413174e-04    8.097466e-08    5.413174e-06 
	   displacement        1.474771e+02    4.043018e-02    1.264664e-04 
 9
 Nonlinear solution status: time= 0.0986269
	stiffness updates             = 8
	right hand side evaluations   = 12
	stiffness matrix reformations = 1
	step from line search         = 1.000000
	convergence norms :     INITIAL         CURRENT         REQUIRED
	   residual            8.113414e-08    1.941798e-09    0.000000e+00 
	   energy              5.413174e-04    5.356711e-08    5.413174e-06 
	   displacement        1.474771e+02    1.018558e-02    1.271323e-04 
 10
 Nonlinear solution status: time= 0.0986269
	stiffness updates             = 9
	right hand side evaluations   = 13
	stiffness matrix reformations = 1
	step from line search         = 1.000000
	convergence norms :     INITIAL         CURRENT         REQUIRED
	   residual            8.113414e-08    1.127502e-09    0.000000e+00 
	   energy              5.413174e-04    2.890921e-08    5.413174e-06 
	   displacement        1.474771e+02    1.519463e-03    1.274065e-04 

 *************************************************************************
 *                               WARNING                                 *
 * Max nr of iterations reached.                                         *
 * Stiffness matrix will now be reformed.                                *
 *************************************************************************
Reforming stiffness matrix: reformation #2

===== reforming stiffness matrix:
	Nr of equations ........................... : 193989
	Nr of nonzeroes in stiffness matrix ....... : 7382409
 11
 Nonlinear solution status: time= 0.0986269
	stiffness updates             = 0
	right hand side evaluations   = 14
	stiffness matrix reformations = 2
	step from line search         = 1.000000
	convergence norms :     INITIAL         CURRENT         REQUIRED
	   residual            8.113414e-08    3.009615e-12    0.000000e+00 
	   energy              5.413174e-04    1.517306e-09    5.413174e-06 
	   displacement        1.474771e+02    4.529114e-03    1.271345e-04 
 12
 Nonlinear solution status: time= 0.0986269
	stiffness updates             = 1
	right hand side evaluations   = 15
	stiffness matrix reformations = 2
	step from line search         = 1.000000
	convergence norms :     INITIAL         CURRENT         REQUIRED
	   residual            8.113414e-08    2.062212e-12    0.000000e+00 
	   energy              5.413174e-04    2.524637e-10    5.413174e-06 
	   displacement        1.474771e+02    1.688103e-03    1.270534e-04 
 13
 Nonlinear solution status: time= 0.0986269
	stiffness updates             = 2
	right hand side evaluations   = 16
	stiffness matrix reformations = 2
	step from line search         = 1.000000
	convergence norms :     INITIAL         CURRENT         REQUIRED
	   residual            8.113414e-08    3.604792e-14    0.000000e+00 
	   energy              5.413174e-04    1.296318e-11    5.413174e-06 
	   displacement        1.474771e+02    1.995388e-05    1.270933e-04 

convergence summary
    number of iterations   : 13
    number of reformations : 2

------- converged at time : 0.0986269


AUTO STEPPER: decreasing time step, dt = 0.0180589

MUST POINT CONTROLLER: adjusting time step. dt = 0.00137308


===== beginning time step 9 : 0.1 =====


Reforming stiffness matrix: reformation #1

===== reforming stiffness matrix:
	Nr of equations ........................... : 193989
	Nr of nonzeroes in stiffness matrix ....... : 7382409
 1
 Nonlinear solution status: time= 0.1
	stiffness updates             = 0
	right hand side evaluations   = 2
	stiffness matrix reformations = 1
	step from line search         = 1.000000
	convergence norms :     INITIAL         CURRENT         REQUIRED
	   residual            4.008922e-10    2.315660e-09    0.000000e+00 
	   energy              2.431123e-06    8.181538e-08    2.431123e-08 
	   displacement        6.664730e-01    6.664730e-01    6.664730e-07 
 2
 Nonlinear solution status: time= 0.1
	stiffness updates             = 1
	right hand side evaluations   = 3
	stiffness matrix reformations = 1
	step from line search         = 1.000000
	convergence norms :     INITIAL         CURRENT         REQUIRED
	   residual            4.008922e-10    6.370414e-11    0.000000e+00 
	   energy              2.431123e-06    2.235747e-08    2.431123e-08 
	   displacement        6.664730e-01    6.845883e-02    6.534694e-07 
 3
 Nonlinear solution status: time= 0.1
	stiffness updates             = 2
	right hand side evaluations   = 4
	stiffness matrix reformations = 1
	step from line search         = 1.000000
	convergence norms :     INITIAL         CURRENT         REQUIRED
	   residual            4.008922e-10    2.420640e-11    0.000000e+00 
	   energy              2.431123e-06    4.039238e-10    2.431123e-08 
	   displacement        6.664730e-01    1.161821e-02    5.839671e-07 
 4
 Nonlinear solution status: time= 0.1
	stiffness updates             = 3
	right hand side evaluations   = 5
	stiffness matrix reformations = 1
	step from line search         = 1.000000
	convergence norms :     INITIAL         CURRENT         REQUIRED
	   residual            4.008922e-10    3.497678e-13    0.000000e+00 
	   energy              2.431123e-06    1.253972e-10    2.431123e-08 
	   displacement        6.664730e-01    2.263495e-04    5.712074e-07 
 5
 Nonlinear solution status: time= 0.1
	stiffness updates             = 4
	right hand side evaluations   = 6
	stiffness matrix reformations = 1
	step from line search         = 1.000000
	convergence norms :     INITIAL         CURRENT         REQUIRED
	   residual            4.008922e-10    2.038286e-13    0.000000e+00 
	   energy              2.431123e-06    9.940622e-12    2.431123e-08 
	   displacement        6.664730e-01    6.569979e-05    5.770062e-07 
 6
 Nonlinear solution status: time= 0.1
	stiffness updates             = 5
	right hand side evaluations   = 7
	stiffness matrix reformations = 1
	step from line search         = 1.000000
	convergence norms :     INITIAL         CURRENT         REQUIRED
	   residual            4.008922e-10    6.338897e-15    0.000000e+00 
	   energy              2.431123e-06    3.409977e-12    2.431123e-08 
	   displacement        6.664730e-01    7.650483e-06    5.788330e-07 
 7
 Nonlinear solution status: time= 0.1
	stiffness updates             = 6
	right hand side evaluations   = 8
	stiffness matrix reformations = 1
	step from line search         = 1.000000
	convergence norms :     INITIAL         CURRENT         REQUIRED
	   residual            4.008922e-10    8.325388e-16    0.000000e+00 
	   energy              2.431123e-06    3.214265e-13    2.431123e-08 
	   displacement        6.664730e-01    1.215344e-06    5.781534e-07 
 8
 Nonlinear solution status: time= 0.1
	stiffness updates             = 7
	right hand side evaluations   = 9
	stiffness matrix reformations = 1
	step from line search         = 1.000000
	convergence norms :     INITIAL         CURRENT         REQUIRED
	   residual            4.008922e-10    2.930526e-17    0.000000e+00 
	   energy              2.431123e-06    3.228113e-14    2.431123e-08 
	   displacement        6.664730e-01    1.246269e-07    5.779132e-07 

convergence summary
    number of iterations   : 8
    number of reformations : 1

------- converged at time : 0.1



 N O N L I N E A R   I T E R A T I O N   I N F O R M A T I O N

	Number of time steps completed .................... : 9

	Total number of equilibrium iterations ............ : 112

	Average number of equilibrium iterations .......... : 12.4444

	Total number of right hand evaluations ............ : 208

	Total number of stiffness reformations ............ : 16


 L I N E A R   S O L V E R   S T A T S

	Total calls to linear solver ........ : 112

	Avg iterations per solve ............ : 1

	Time in linear solver: 0:03:56

 Peak memory  : 2274.2 MB

 Elapsed time : 0:05:36

 T I M I N G   I N F O R M A T I O N

	Input time ...................... : 0:00:01 (0.791729 sec)

	Initialization time ............. : 0:00:01 (0.625236 sec)

	Solve time ...................... : 0:05:36 (336.128 sec)

	   IO-time (plot, dmp, data) .... : 0:00:01 (1.29788 sec)

	   reforming stiffness .......... : 0:00:10 (9.69997 sec)

	   evaluating stiffness ......... : 0:00:18 (17.9212 sec)

	   evaluating residual .......... : 0:00:22 (21.8722 sec)

	   model update ................. : 0:00:39 (38.6819 sec)

	   QN updates ................... : 0:00:00 (0.329586 sec)

	   time in linear solver ........ : 0:03:56 (236.491 sec)

	Total elapsed time .............. : 0:05:38 (337.545 sec)


 N O R M A L   T E R M I N A T I O N

